<?xml version="1.0" encoding="UTF-8"?>
<testng-results ignored="0" total="1" passed="1" failed="0" skipped="0">
  <reporter-output>
  </reporter-output>
  <suite started-at="2024-03-22T12:14:51 IST" name="Surefire suite" finished-at="2024-03-22T12:15:05 IST" duration-ms="13521">
    <groups>
    </groups>
    <test started-at="2024-03-22T12:14:51 IST" name="Surefire test" finished-at="2024-03-22T12:15:05 IST" duration-ms="13521">
      <class name="TestCases.LoginTestCase">
        <test-method signature="Program()[pri:0, instance:TestCases.LoginTestCase@5a955565]" started-at="2024-03-22T12:14:51 IST" name="Program" finished-at="2024-03-22T12:15:05 IST" duration-ms="13481" status="PASS">
          <reporter-output>
          </reporter-output>
        </test-method> <!-- Program -->
      </class> <!-- TestCases.LoginTestCase -->
    </test> <!-- Surefire test -->
  </suite> <!-- Surefire suite -->
</testng-results>
